chromEvol Version: 2.0. Last updated December 2013
Optimizing parameters
+++++++++++++++++++++++++++++++++++++++++
chromEvol Version: 2.0. Last updated December 2013chromEvol Version: 2.0. Last updated December 2013

Optimizing parameters
Optimizing parameters
+++++++++++++++++++++++++++++++++++++++++
+++++++++++++++++++++++++++++++++++++++++
+++++++++++++++++++++++++++++++++++++++++
chromEvol Version: 2.0. Last updated December 2013chromEvol Version: 2.0. Last updated December 2013chromEvol Version: 2.0. Last updated December 2013


Optimizing parameters
Optimizing parameters
Optimizing parameters
+++++++++++++++++++++++++++++++++++++++++
+++++++++++++++++++++++++++++++++++++++++
+++++++++++++++++++++++++++++++++++++++++
+++++++++++++++++++++++++++++++++++++++++
+++++++++++++++++++++++++++++++++++++++++
+++++++++++++++++++++++++++++++++++++++++
+++++++++++++++++++++++++++++++++++++++++
+++++++++++++++++++++++++++++++++++++++++
+++++++++++++++++++++++++++++++++++++++++
+++++++++++++++++++++++++++++++++++++++++
+++++++++++++++++++++++++++++++++++++++++
+++++++++++++++++++++++++++++++++++++++++
+++++++++++++++++++++++++++++++++++++++++
+++++++++++++++++++++++++++++++++++++++++
+++++++++++++++++++++++++++++++++++++++++
+++++++++++++++++++++++++++++++++++++++++
+++++++++++++++++++++++++++++++++++++++++
+++++++++++++++++++++++++++++++++++++++++
+++++++++++++++++++++++++++++++++++++++++
+++++++++++++++++++++++++++++++++++++++++
+++++++++++++++++++++++++++++++++++++++++
+++++++++++++++++++++++++++++++++++++++++
+++++++++++++++++++++++++++++++++++++++++
+++++++++++++++++++++++++++++++++++++++++
+++++++++++++++++++++++++++++++++++++++++
+++++++++++++++++++++++++++++++++++++++++
+++++++++++++++++++++++++++++++++++++++++
+++++++++++++++++++++++++++++++++++++++++
+++++++++++++++++++++++++++++++++++++++++
+++++++++++++++++++++++++++++++++++++++++
+++++++++++++++++++++++++++++++++++++++++
+++++++++++++++++++++++++++++++++++++++++
+++++++++++++++++++++++++++++++++++++++++
+++++++++++++++++++++++++++++++++++++++++
+++++++++++++++++++++++++++++++++++++++++
+++++++++++++++++++++++++++++++++++++++++
+++++++++++++++++++++++++++++++++++++++++
+++++++++++++++++++++++++++++++++++++++++
+++++++++++++++++++++++++++++++++++++++++
+++++++++++++++++++++++++++++++++++++++++
+++++++++++++++++++++++++++++++++++++++++
+++++++++++++++++++++++++++++++++++++++++
+++++++++++++++++++++++++++++++++++++++++
+++++++++++++++++++++++++++++++++++++++++
+++++++++++++++++++++++++++++++++++++++++
+++++++++++++++++++++++++++++++++++++++++
+++++++++++++++++++++++++++++++++++++++++
+++++++++++++++++++++++++++++++++++++++++
+++++++++++++++++++++++++++++++++++++++++
+++++++++++++++++++++++++++++++++++++++++
+++++++++++++++++++++++++++++++++++++++++
+++++++++++++++++++++++++++++++++++++++++
+++++++++++++++++++++++++++++++++++++++++
+++++++++++++++++++++++++++++++++++++++++
+++++++++++++++++++++++++++++++++++++++++
+++++++++++++++++++++++++++++++++++++++++
+++++++++++++++++++++++++++++++++++++++++
+++++++++++++++++++++++++++++++++++++++++
+++++++++++++++++++++++++++++++++++++++++
+++++++++++++++++++++++++++++++++++++++++
+++++++++++++++++++++++++++++++++++++++++
+++++++++++++++++++++++++++++++++++++++++
+++++++++++++++++++++++++++++++++++++++++
+++++++++++++++++++++++++++++++++++++++++
+++++++++++++++++++++++++++++++++++++++++
+++++++++++++++++++++++++++++++++++++++++
+++++++++++++++++++++++++++++++++++++++++
+++++++++++++++++++++++++++++++++++++++++
+++++++++++++++++++++++++++++++++++++++++
+++++++++++++++++++++++++++++++++++++++++
+++++++++++++++++++++++++++++++++++++++++
+++++++++++++++++++++++++++++++++++++++++
Inferring ancestral states
+++++++++++++++++++++++++++++++++++++++++

running 10000 simulations
+++++++++++++++++++++++++++++++++++++++++
+++++++++++++++++++++++++++++++++++++++++
finished simulations
+++++++++++++++++++++++++++++++++++++++++

total expectations
dupl=49.6297
gain=1470.09
loss=1424.97
halFDupl=0
baseNumber=0
toMaxChr=0.000266974

TOTAL RUNNING TIME = 2888
Inferring ancestral states

running 10000 simulations
+++++++++++++++++++++++++++++++++++++++++
finished simulations

total expectations
dupl=51.0149
gain=630.08
loss=536.081
halFDupl=0
baseNumber=0
toMaxChr=0.115439

TOTAL RUNNING TIME = 3655
Inferring ancestral states

running 10000 simulations
+++++++++++++++++++++++++++++++++++++++++
finished simulations

total expectations
dupl=43.6669
gain=517.842
loss=434.522
halFDupl=11.1572
baseNumber=0
toMaxChr=0.0825682

TOTAL RUNNING TIME = 4110
+++++++++++++++++++++++++++++++++++++++++
Inferring ancestral states

running 10000 simulations
finished simulations

total expectations
dupl=26.3874
gain=613.786
loss=475.325
halFDupl=1.21725e-12
baseNumber=5.15484
toMaxChr=0.0629532

TOTAL RUNNING TIME = 5943
+++++++++++++++++++++++++++++++++++++++++
Inferring ancestral states

running 10000 simulations
finished simulations

total expectations
dupl=37.586
gain=217.903
loss=132.55
halFDupl=4.58174
baseNumber=0
toMaxChr=3.00197e-22

TOTAL RUNNING TIME = 6248
Inferring ancestral states

running 10000 simulations
finished simulations

total expectations
dupl=57.5648
gain=790.042
loss=700.661
halFDupl=0
baseNumber=0.20104
toMaxChr=0.250274

TOTAL RUNNING TIME = 7522
