chromEvol Version: 2.0. Last updated December 2013
Optimizing parameters
+++++++++++++++++++++++++++++++++++++++++
chromEvol Version: 2.0. Last updated December 2013chromEvol Version: 2.0. Last updated December 2013

chromEvol Version: 2.0. Last updated December 2013
Optimizing parameters
Optimizing parameters
Optimizing parameters
+++++++++++++++++++++++++++++++++++++++++
+++++++++++++++++++++++++++++++++++++++++
+++++++++++++++++++++++++++++++++++++++++
chromEvol Version: 2.0. Last updated December 2013chromEvol Version: 2.0. Last updated December 2013

Optimizing parameters
Optimizing parameters
+++++++++++++++++++++++++++++++++++++++++
+++++++++++++++++++++++++++++++++++++++++
+++++++++++++++++++++++++++++++++++++++++
+++++++++++++++++++++++++++++++++++++++++
+++++++++++++++++++++++++++++++++++++++++
+++++++++++++++++++++++++++++++++++++++++
+++++++++++++++++++++++++++++++++++++++++
+++++++++++++++++++++++++++++++++++++++++
+++++++++++++++++++++++++++++++++++++++++
+++++++++++++++++++++++++++++++++++++++++
+++++++++++++++++++++++++++++++++++++++++
+++++++++++++++++++++++++++++++++++++++++
+++++++++++++++++++++++++++++++++++++++++
+++++++++++++++++++++++++++++++++++++++++
+++++++++++++++++++++++++++++++++++++++++
+++++++++++++++++++++++++++++++++++++++++
+++++++++++++++++++++++++++++++++++++++++
+++++++++++++++++++++++++++++++++++++++++
+++++++++++++++++++++++++++++++++++++++++
+++++++++++++++++++++++++++++++++++++++++
+++++++++++++++++++++++++++++++++++++++++
+++++++++++++++++++++++++++++++++++++++++
+++++++++++++++++++++++++++++++++++++++++
+++++++++++++++++++++++++++++++++++++++++
+++++++++++++++++++++++++++++++++++++++++
+++++++++++++++++++++++++++++++++++++++++
+++++++++++++++++++++++++++++++++++++++++
+++++++++++++++++++++++++++++++++++++++++
+++++++++++++++++++++++++++++++++++++++++
+++++++++++++++++++++++++++++++++++++++++
+++++++++++++++++++++++++++++++++++++++++
+++++++++++++++++++++++++++++++++++++++++
+++++++++++++++++++++++++++++++++++++++++
+++++++++++++++++++++++++++++++++++++++++
+++++++++++++++++++++++++++++++++++++++++
+++++++++++++++++++++++++++++++++++++++++
+++++++++++++++++++++++++++++++++++++++++
+++++++++++++++++++++++++++++++++++++++++
+++++++++++++++++++++++++++++++++++++++++
+++++++++++++++++++++++++++++++++++++++++
+++++++++++++++++++++++++++++++++++++++++
+++++++++++++++++++++++++++++++++++++++++
+++++++++++++++++++++++++++++++++++++++++
+++++++++++++++++++++++++++++++++++++++++
+++++++++++++++++++++++++++++++++++++++++
+++++++++++++++++++++++++++++++++++++++++
+++++++++++++++++++++++++++++++++++++++++
+++++++++++++++++++++++++++++++++++++++++
+++++++++++++++++++++++++++++++++++++++++
+++++++++++++++++++++++++++++++++++++++++
+++++++++++++++++++++++++++++++++++++++++
+++++++++++++++++++++++++++++++++++++++++
+++++++++++++++++++++++++++++++++++++++++
+++++++++++++++++++++++++++++++++++++++++
+++++++++++++++++++++++++++++++++++++++++
+++++++++++++++++++++++++++++++++++++++++
+++++++++++++++++++++++++++++++++++++++++
+++++++++++++++++++++++++++++++++++++++++
+++++++++++++++++++++++++++++++++++++++++
+++++++++++++++++++++++++++++++++++++++++
+++++++++++++++++++++++++++++++++++++++++
+++++++++++++++++++++++++++++++++++++++++
+++++++++++++++++++++++++++++++++++++++++
+++++++++++++++++++++++++++++++++++++++++
+++++++++++++++++++++++++++++++++++++++++
+++++++++++++++++++++++++++++++++++++++++
+++++++++++++++++++++++++++++++++++++++++
+++++++++++++++++++++++++++++++++++++++++
+++++++++++++++++++++++++++++++++++++++++
+++++++++++++++++++++++++++++++++++++++++
+++++++++++++++++++++++++++++++++++++++++
+++++++++++++++++++++++++++++++++++++++++
Inferring ancestral states
+++++++++++++++++++++++++++++++++++++++++

running 10000 simulations
+++++++++++++++++++++++++++++++++++++++++
+++++++++++++++++++++++++++++++++++++++++
+++++++++++++++++++++++++++++++++++++++++
finished simulations

total expectations
dupl=38.2915
gain=3843.6
loss=3795.11
halFDupl=0
baseNumber=0
toMaxChr=1.26636e-05

TOTAL RUNNING TIME = 10890
+++++++++++++++++++++++++++++++++++++++++
Inferring ancestral states

running 10000 simulations
Inferring ancestral states
finished simulations

running 10000 simulations
+++++++++++++++++++++++++++++++++++++++++

total expectations
dupl=55.5162
gain=2103.8
loss=1874.83
halFDupl=15.2412
baseNumber=0
toMaxChr=0.0744265

TOTAL RUNNING TIME = 15133
finished simulations

total expectations
dupl=65.5588
gain=2271.8
loss=1996.8
halFDupl=0
baseNumber=0
toMaxChr=0.105513

TOTAL RUNNING TIME = 17139
Inferring ancestral states
+++++++++++++++++++++++++++++++++++++++++

running 10000 simulations
finished simulations

total expectations
dupl=3.29124
gain=1374.42
loss=2793.49
halFDupl=0.63197
baseNumber=16.3468
toMaxChr=2.32901

TOTAL RUNNING TIME = 20620
+++++++++++++++++++++++++++++++++++++++++
Inferring ancestral states

running 10000 simulations
finished simulations

total expectations
dupl=46.8991
gain=2129.04
loss=1927.75
halFDupl=32.9462
baseNumber=0
toMaxChr=0.0341889

TOTAL RUNNING TIME = 28032
Inferring ancestral states

running 10000 simulations
finished simulations

total expectations
dupl=65.027
gain=2692.82
loss=2457.99
halFDupl=0.0976495
baseNumber=6.08677
toMaxChr=0.149594

TOTAL RUNNING TIME = 44419
