chromEvol Version: 2.0. Last updated December 2013
Optimizing parameters
+++++++++++++++++++++++++++++++++++++++++
chromEvol Version: 2.0. Last updated December 2013chromEvol Version: 2.0. Last updated December 2013

Optimizing parameters
Optimizing parameters
+++++++++++++++++++++++++++++++++++++++++
+++++++++++++++++++++++++++++++++++++++++
chromEvol Version: 2.0. Last updated December 2013chromEvol Version: 2.0. Last updated December 2013

Optimizing parametersOptimizing parameters

++++++++++++++++++++++++++++++++++++++++++++++++++++++++++++++++++++++++++++++++++

chromEvol Version: 2.0. Last updated December 2013
Optimizing parameters
+++++++++++++++++++++++++++++++++++++++++
+++++++++++++++++++++++++++++++++++++++++
+++++++++++++++++++++++++++++++++++++++++
+++++++++++++++++++++++++++++++++++++++++
+++++++++++++++++++++++++++++++++++++++++
+++++++++++++++++++++++++++++++++++++++++
+++++++++++++++++++++++++++++++++++++++++
+++++++++++++++++++++++++++++++++++++++++
+++++++++++++++++++++++++++++++++++++++++
+++++++++++++++++++++++++++++++++++++++++
+++++++++++++++++++++++++++++++++++++++++
+++++++++++++++++++++++++++++++++++++++++
+++++++++++++++++++++++++++++++++++++++++
+++++++++++++++++++++++++++++++++++++++++
+++++++++++++++++++++++++++++++++++++++++
+++++++++++++++++++++++++++++++++++++++++
+++++++++++++++++++++++++++++++++++++++++
+++++++++++++++++++++++++++++++++++++++++
+++++++++++++++++++++++++++++++++++++++++
+++++++++++++++++++++++++++++++++++++++++
+++++++++++++++++++++++++++++++++++++++++
+++++++++++++++++++++++++++++++++++++++++
+++++++++++++++++++++++++++++++++++++++++
+++++++++++++++++++++++++++++++++++++++++
+++++++++++++++++++++++++++++++++++++++++
+++++++++++++++++++++++++++++++++++++++++
+++++++++++++++++++++++++++++++++++++++++
+++++++++++++++++++++++++++++++++++++++++
+++++++++++++++++++++++++++++++++++++++++
+++++++++++++++++++++++++++++++++++++++++
+++++++++++++++++++++++++++++++++++++++++
+++++++++++++++++++++++++++++++++++++++++
+++++++++++++++++++++++++++++++++++++++++
+++++++++++++++++++++++++++++++++++++++++
+++++++++++++++++++++++++++++++++++++++++
+++++++++++++++++++++++++++++++++++++++++
+++++++++++++++++++++++++++++++++++++++++
+++++++++++++++++++++++++++++++++++++++++
+++++++++++++++++++++++++++++++++++++++++
+++++++++++++++++++++++++++++++++++++++++
+++++++++++++++++++++++++++++++++++++++++
+++++++++++++++++++++++++++++++++++++++++
+++++++++++++++++++++++++++++++++++++++++
+++++++++++++++++++++++++++++++++++++++++
+++++++++++++++++++++++++++++++++++++++++
+++++++++++++++++++++++++++++++++++++++++
+++++++++++++++++++++++++++++++++++++++++
+++++++++++++++++++++++++++++++++++++++++
+++++++++++++++++++++++++++++++++++++++++
+++++++++++++++++++++++++++++++++++++++++
+++++++++++++++++++++++++++++++++++++++++
+++++++++++++++++++++++++++++++++++++++++
+++++++++++++++++++++++++++++++++++++++++
+++++++++++++++++++++++++++++++++++++++++
+++++++++++++++++++++++++++++++++++++++++
+++++++++++++++++++++++++++++++++++++++++
+++++++++++++++++++++++++++++++++++++++++
+++++++++++++++++++++++++++++++++++++++++
+++++++++++++++++++++++++++++++++++++++++
+++++++++++++++++++++++++++++++++++++++++
+++++++++++++++++++++++++++++++++++++++++
+++++++++++++++++++++++++++++++++++++++++
+++++++++++++++++++++++++++++++++++++++++
+++++++++++++++++++++++++++++++++++++++++
+++++++++++++++++++++++++++++++++++++++++
+++++++++++++++++++++++++++++++++++++++++
+++++++++++++++++++++++++++++++++++++++++
+++++++++++++++++++++++++++++++++++++++++
+++++++++++++++++++++++++++++++++++++++++
+++++++++++++++++++++++++++++++++++++++++
+++++++++++++++++++++++++++++++++++++++++
+++++++++++++++++++++++++++++++++++++++++
Inferring ancestral states

running 10000 simulations
+++++++++++++++++++++++++++++++++++++++++
+++++++++++++++++++++++++++++++++++++++++
+++++++++++++++++++++++++++++++++++++++++
+++++++++++++++++++++++++++++++++++++++++
Inferring ancestral states
finished simulations

running 10000 simulations

total expectations
dupl=78.2192
gain=3470.48
loss=3340.79
halFDupl=0
baseNumber=0
toMaxChr=0.00126876

TOTAL RUNNING TIME = 9583
finished simulations

total expectations
dupl=88.7418
gain=1038.89
loss=838.879
halFDupl=0
baseNumber=0
toMaxChr=0.00047181

TOTAL RUNNING TIME = 10476
+++++++++++++++++++++++++++++++++++++++++
Inferring ancestral states

running 10000 simulations
finished simulations
+++++++++++++++++++++++++++++++++++++++++

total expectations
dupl=61.9123
gain=761.283
loss=601.771
halFDupl=31.6819
baseNumber=0
toMaxChr=1.36213e-07

TOTAL RUNNING TIME = 12790
Inferring ancestral states

running 10000 simulations
+++++++++++++++++++++++++++++++++++++++++
finished simulations

total expectations
dupl=110.799
gain=3325.44
loss=3102.52
halFDupl=0.602613
baseNumber=10.5014
toMaxChr=1.31694

TOTAL RUNNING TIME = 17149
Inferring ancestral states

running 10000 simulations
finished simulations

total expectations
dupl=36.719
gain=420.914
loss=314.448
halFDupl=82.6465
baseNumber=0
toMaxChr=0.00100942

TOTAL RUNNING TIME = 18119
Inferring ancestral states

running 10000 simulations
finished simulations

total expectations
dupl=134.437
gain=2802.57
loss=2599.83
halFDupl=0
baseNumber=0.9863
toMaxChr=0.37078

TOTAL RUNNING TIME = 20997
