chromEvol Version: 2.0. Last updated December 2013
Optimizing parameters
+++++++++++++++++++++++++++++++++++++++++
chromEvol Version: 2.0. Last updated December 2013
Optimizing parameters
+++++++++++++++++++++++++++++++++++++++++
chromEvol Version: 2.0. Last updated December 2013
Optimizing parameters
+++++++++++++++++++++++++++++++++++++++++
chromEvol Version: 2.0. Last updated December 2013chromEvol Version: 2.0. Last updated December 2013
chromEvol Version: 2.0. Last updated December 2013

Optimizing parameters
+++++++++++++++++++++++++++++++++++++++++
Optimizing parametersOptimizing parameters

++++++++++++++++++++++++++++++++++++++++++++++++++++++++++++++++++++++++++++++++++

+++++++++++++++++++++++++++++++++++++++++
+++++++++++++++++++++++++++++++++++++++++
+++++++++++++++++++++++++++++++++++++++++
+++++++++++++++++++++++++++++++++++++++++
+++++++++++++++++++++++++++++++++++++++++
+++++++++++++++++++++++++++++++++++++++++
+++++++++++++++++++++++++++++++++++++++++
+++++++++++++++++++++++++++++++++++++++++
+++++++++++++++++++++++++++++++++++++++++
+++++++++++++++++++++++++++++++++++++++++
+++++++++++++++++++++++++++++++++++++++++
+++++++++++++++++++++++++++++++++++++++++
+++++++++++++++++++++++++++++++++++++++++
+++++++++++++++++++++++++++++++++++++++++
+++++++++++++++++++++++++++++++++++++++++
+++++++++++++++++++++++++++++++++++++++++
+++++++++++++++++++++++++++++++++++++++++
+++++++++++++++++++++++++++++++++++++++++
+++++++++++++++++++++++++++++++++++++++++
+++++++++++++++++++++++++++++++++++++++++
+++++++++++++++++++++++++++++++++++++++++
+++++++++++++++++++++++++++++++++++++++++
+++++++++++++++++++++++++++++++++++++++++
+++++++++++++++++++++++++++++++++++++++++
+++++++++++++++++++++++++++++++++++++++++
+++++++++++++++++++++++++++++++++++++++++
+++++++++++++++++++++++++++++++++++++++++
+++++++++++++++++++++++++++++++++++++++++
+++++++++++++++++++++++++++++++++++++++++
+++++++++++++++++++++++++++++++++++++++++
+++++++++++++++++++++++++++++++++++++++++
+++++++++++++++++++++++++++++++++++++++++
+++++++++++++++++++++++++++++++++++++++++
+++++++++++++++++++++++++++++++++++++++++
+++++++++++++++++++++++++++++++++++++++++
+++++++++++++++++++++++++++++++++++++++++
+++++++++++++++++++++++++++++++++++++++++
+++++++++++++++++++++++++++++++++++++++++
+++++++++++++++++++++++++++++++++++++++++
+++++++++++++++++++++++++++++++++++++++++
+++++++++++++++++++++++++++++++++++++++++
+++++++++++++++++++++++++++++++++++++++++
+++++++++++++++++++++++++++++++++++++++++
+++++++++++++++++++++++++++++++++++++++++
+++++++++++++++++++++++++++++++++++++++++
+++++++++++++++++++++++++++++++++++++++++
+++++++++++++++++++++++++++++++++++++++++
+++++++++++++++++++++++++++++++++++++++++
+++++++++++++++++++++++++++++++++++++++++
+++++++++++++++++++++++++++++++++++++++++
+++++++++++++++++++++++++++++++++++++++++
+++++++++++++++++++++++++++++++++++++++++
+++++++++++++++++++++++++++++++++++++++++
+++++++++++++++++++++++++++++++++++++++++
+++++++++++++++++++++++++++++++++++++++++
+++++++++++++++++++++++++++++++++++++++++
+++++++++++++++++++++++++++++++++++++++++
+++++++++++++++++++++++++++++++++++++++++
+++++++++++++++++++++++++++++++++++++++++
+++++++++++++++++++++++++++++++++++++++++
+++++++++++++++++++++++++++++++++++++++++
+++++++++++++++++++++++++++++++++++++++++
+++++++++++++++++++++++++++++++++++++++++
+++++++++++++++++++++++++++++++++++++++++
+++++++++++++++++++++++++++++++++++++++++
+++++++++++++++++++++++++++++++++++++++++
+++++++++++++++++++++++++++++++++++++++++
Inferring ancestral states
+++++++++++++++++++++++++++++++++++++++++

running 10000 simulations
+++++++++++++++++++++++++++++++++++++++++
+++++++++++++++++++++++++++++++++++++++++
+++++++++++++++++++++++++++++++++++++++++
Inferring ancestral states

running 10000 simulations
+++++++++++++++++++++++++++++++++++++++++
finished simulations
finished simulations

total expectations
dupl=54.491
gain=4407.94
loss=4383.52
halFDupl=0
baseNumber=0
toMaxChr=1.34749e-05

TOTAL RUNNING TIME = 18120

total expectations
dupl=157.497
gain=4305.53
loss=3943.27
halFDupl=31.4387
baseNumber=0
toMaxChr=0.584182

TOTAL RUNNING TIME = 18520
+++++++++++++++++++++++++++++++++++++++++
+++++++++++++++++++++++++++++++++++++++++
Inferring ancestral states

running 10000 simulations
+++++++++++++++++++++++++++++++++++++++++
+++++++++++++++++++++++++++++++++++++++++
finished simulations

total expectations
dupl=171.571
gain=4448.98
loss=4054.81
halFDupl=0
baseNumber=0
toMaxChr=0.618472

TOTAL RUNNING TIME = 33631
Inferring ancestral states

running 10000 simulations
finished simulations

total expectations
dupl=119.466
gain=4449.8
loss=4166.68
halFDupl=0.832435
baseNumber=25.3804
toMaxChr=0.826308

TOTAL RUNNING TIME = 43264
+++++++++++++++++++++++++++++++++++++++++
+++++++++++++++++++++++++++++++++++++++++
Inferring ancestral states

running 10000 simulations
finished simulations

total expectations
dupl=171.125
gain=4450.72
loss=4066.6
halFDupl=0
baseNumber=0.843129
toMaxChr=0.633067

TOTAL RUNNING TIME = 77694
Inferring ancestral states

running 10000 simulations
