chromEvol Version: 2.0. Last updated December 2013chromEvol Version: 2.0. Last updated December 2013

Optimizing parameters
Optimizing parameters
+++++++++++++++++++++++++++++++++++++++++
+++++++++++++++++++++++++++++++++++++++++
chromEvol Version: 2.0. Last updated December 2013
Optimizing parameters
+++++++++++++++++++++++++++++++++++++++++
chromEvol Version: 2.0. Last updated December 2013chromEvol Version: 2.0. Last updated December 2013

Optimizing parameters
Optimizing parameters
+++++++++++++++++++++++++++++++++++++++++
+++++++++++++++++++++++++++++++++++++++++
chromEvol Version: 2.0. Last updated December 2013
Optimizing parameters
+++++++++++++++++++++++++++++++++++++++++
+++++++++++++++++++++++++++++++++++++++++
+++++++++++++++++++++++++++++++++++++++++
+++++++++++++++++++++++++++++++++++++++++
+++++++++++++++++++++++++++++++++++++++++
+++++++++++++++++++++++++++++++++++++++++
+++++++++++++++++++++++++++++++++++++++++
+++++++++++++++++++++++++++++++++++++++++
+++++++++++++++++++++++++++++++++++++++++
+++++++++++++++++++++++++++++++++++++++++
+++++++++++++++++++++++++++++++++++++++++
+++++++++++++++++++++++++++++++++++++++++
+++++++++++++++++++++++++++++++++++++++++
+++++++++++++++++++++++++++++++++++++++++
+++++++++++++++++++++++++++++++++++++++++
+++++++++++++++++++++++++++++++++++++++++
+++++++++++++++++++++++++++++++++++++++++
+++++++++++++++++++++++++++++++++++++++++
+++++++++++++++++++++++++++++++++++++++++
+++++++++++++++++++++++++++++++++++++++++
+++++++++++++++++++++++++++++++++++++++++
+++++++++++++++++++++++++++++++++++++++++
+++++++++++++++++++++++++++++++++++++++++
+++++++++++++++++++++++++++++++++++++++++
+++++++++++++++++++++++++++++++++++++++++
+++++++++++++++++++++++++++++++++++++++++
+++++++++++++++++++++++++++++++++++++++++
+++++++++++++++++++++++++++++++++++++++++
+++++++++++++++++++++++++++++++++++++++++
+++++++++++++++++++++++++++++++++++++++++
+++++++++++++++++++++++++++++++++++++++++
+++++++++++++++++++++++++++++++++++++++++
+++++++++++++++++++++++++++++++++++++++++
+++++++++++++++++++++++++++++++++++++++++
+++++++++++++++++++++++++++++++++++++++++
+++++++++++++++++++++++++++++++++++++++++
+++++++++++++++++++++++++++++++++++++++++
+++++++++++++++++++++++++++++++++++++++++
+++++++++++++++++++++++++++++++++++++++++
+++++++++++++++++++++++++++++++++++++++++
+++++++++++++++++++++++++++++++++++++++++
+++++++++++++++++++++++++++++++++++++++++
+++++++++++++++++++++++++++++++++++++++++
+++++++++++++++++++++++++++++++++++++++++
+++++++++++++++++++++++++++++++++++++++++
+++++++++++++++++++++++++++++++++++++++++
+++++++++++++++++++++++++++++++++++++++++
+++++++++++++++++++++++++++++++++++++++++
+++++++++++++++++++++++++++++++++++++++++
+++++++++++++++++++++++++++++++++++++++++
+++++++++++++++++++++++++++++++++++++++++
+++++++++++++++++++++++++++++++++++++++++
+++++++++++++++++++++++++++++++++++++++++
+++++++++++++++++++++++++++++++++++++++++
+++++++++++++++++++++++++++++++++++++++++
+++++++++++++++++++++++++++++++++++++++++
+++++++++++++++++++++++++++++++++++++++++
+++++++++++++++++++++++++++++++++++++++++
+++++++++++++++++++++++++++++++++++++++++
+++++++++++++++++++++++++++++++++++++++++
+++++++++++++++++++++++++++++++++++++++++
+++++++++++++++++++++++++++++++++++++++++
+++++++++++++++++++++++++++++++++++++++++
+++++++++++++++++++++++++++++++++++++++++
+++++++++++++++++++++++++++++++++++++++++
+++++++++++++++++++++++++++++++++++++++++
+++++++++++++++++++++++++++++++++++++++++
Inferring ancestral states

running 10000 simulations
+++++++++++++++++++++++++++++++++++++++++
+++++++++++++++++++++++++++++++++++++++++
finished simulations
+++++++++++++++++++++++++++++++++++++++++

total expectations
dupl=64.6116
gain=3631.81
loss=3591.78
halFDupl=0
baseNumber=0
toMaxChr=0.00430738

TOTAL RUNNING TIME = 6670
+++++++++++++++++++++++++++++++++++++++++
+++++++++++++++++++++++++++++++++++++++++
+++++++++++++++++++++++++++++++++++++++++
+++++++++++++++++++++++++++++++++++++++++
+++++++++++++++++++++++++++++++++++++++++
+++++++++++++++++++++++++++++++++++++++++
+++++++++++++++++++++++++++++++++++++++++
Inferring ancestral states

running 10000 simulations
+++++++++++++++++++++++++++++++++++++++++
finished simulations
+++++++++++++++++++++++++++++++++++++++++
Inferring ancestral states

running 10000 simulations

total expectations
dupl=90.9388
gain=3629.1
loss=3453.32
halFDupl=0.0508108
baseNumber=3.66164
toMaxChr=1.75192

TOTAL RUNNING TIME = 19540
Inferring ancestral states

running 10000 simulations
finished simulations

total expectations
dupl=86.9995
gain=3200.73
loss=2996.75
halFDupl=6.77194
baseNumber=0
toMaxChr=0.599796

TOTAL RUNNING TIME = 22268
finished simulations

total expectations
dupl=92.7026
gain=3638.02
loss=3464.59
halFDupl=0
baseNumber=0
toMaxChr=0.556817

TOTAL RUNNING TIME = 23377
Inferring ancestral states

running 10000 simulations
finished simulations

total expectations
dupl=83.2135
gain=3078.32
loss=2882.25
halFDupl=11.6041
baseNumber=0
toMaxChr=0.501125

TOTAL RUNNING TIME = 30849
Inferring ancestral states

running 10000 simulations
finished simulations

total expectations
dupl=91.6362
gain=3656.13
loss=3508.82
halFDupl=0
baseNumber=0
toMaxChr=0.618484

TOTAL RUNNING TIME = 38147
