chromEvol Version: 2.0. Last updated December 2013
Optimizing parameters
+++++++++++++++++++++++++++++++++++++++++
chromEvol Version: 2.0. Last updated December 2013
Optimizing parameters
+++++++++++++++++++++++++++++++++++++++++
chromEvol Version: 2.0. Last updated December 2013chromEvol Version: 2.0. Last updated December 2013chromEvol Version: 2.0. Last updated December 2013


Optimizing parameters
Optimizing parametersOptimizing parameters

+++++++++++++++++++++++++++++++++++++++++
++++++++++++++++++++++++++++++++++++++++++++++++++++++++++++++++++++++++++++++++++

chromEvol Version: 2.0. Last updated December 2013
Optimizing parameters
+++++++++++++++++++++++++++++++++++++++++
+++++++++++++++++++++++++++++++++++++++++
+++++++++++++++++++++++++++++++++++++++++
+++++++++++++++++++++++++++++++++++++++++
+++++++++++++++++++++++++++++++++++++++++
+++++++++++++++++++++++++++++++++++++++++
+++++++++++++++++++++++++++++++++++++++++
+++++++++++++++++++++++++++++++++++++++++
+++++++++++++++++++++++++++++++++++++++++
+++++++++++++++++++++++++++++++++++++++++
+++++++++++++++++++++++++++++++++++++++++
+++++++++++++++++++++++++++++++++++++++++
+++++++++++++++++++++++++++++++++++++++++
+++++++++++++++++++++++++++++++++++++++++
+++++++++++++++++++++++++++++++++++++++++
+++++++++++++++++++++++++++++++++++++++++
+++++++++++++++++++++++++++++++++++++++++
+++++++++++++++++++++++++++++++++++++++++
+++++++++++++++++++++++++++++++++++++++++
+++++++++++++++++++++++++++++++++++++++++
+++++++++++++++++++++++++++++++++++++++++
+++++++++++++++++++++++++++++++++++++++++
+++++++++++++++++++++++++++++++++++++++++
+++++++++++++++++++++++++++++++++++++++++
+++++++++++++++++++++++++++++++++++++++++
+++++++++++++++++++++++++++++++++++++++++
+++++++++++++++++++++++++++++++++++++++++
+++++++++++++++++++++++++++++++++++++++++
+++++++++++++++++++++++++++++++++++++++++
+++++++++++++++++++++++++++++++++++++++++
+++++++++++++++++++++++++++++++++++++++++
+++++++++++++++++++++++++++++++++++++++++
+++++++++++++++++++++++++++++++++++++++++
+++++++++++++++++++++++++++++++++++++++++
+++++++++++++++++++++++++++++++++++++++++
+++++++++++++++++++++++++++++++++++++++++
+++++++++++++++++++++++++++++++++++++++++
+++++++++++++++++++++++++++++++++++++++++
+++++++++++++++++++++++++++++++++++++++++
+++++++++++++++++++++++++++++++++++++++++
+++++++++++++++++++++++++++++++++++++++++
+++++++++++++++++++++++++++++++++++++++++
+++++++++++++++++++++++++++++++++++++++++
+++++++++++++++++++++++++++++++++++++++++
+++++++++++++++++++++++++++++++++++++++++
+++++++++++++++++++++++++++++++++++++++++
+++++++++++++++++++++++++++++++++++++++++
+++++++++++++++++++++++++++++++++++++++++
+++++++++++++++++++++++++++++++++++++++++
+++++++++++++++++++++++++++++++++++++++++
+++++++++++++++++++++++++++++++++++++++++
+++++++++++++++++++++++++++++++++++++++++
+++++++++++++++++++++++++++++++++++++++++
+++++++++++++++++++++++++++++++++++++++++
+++++++++++++++++++++++++++++++++++++++++
+++++++++++++++++++++++++++++++++++++++++
+++++++++++++++++++++++++++++++++++++++++
+++++++++++++++++++++++++++++++++++++++++
+++++++++++++++++++++++++++++++++++++++++
+++++++++++++++++++++++++++++++++++++++++
+++++++++++++++++++++++++++++++++++++++++
+++++++++++++++++++++++++++++++++++++++++
+++++++++++++++++++++++++++++++++++++++++
+++++++++++++++++++++++++++++++++++++++++
+++++++++++++++++++++++++++++++++++++++++
+++++++++++++++++++++++++++++++++++++++++
+++++++++++++++++++++++++++++++++++++++++
+++++++++++++++++++++++++++++++++++++++++
+++++++++++++++++++++++++++++++++++++++++
Inferring ancestral states

running 10000 simulations
+++++++++++++++++++++++++++++++++++++++++
+++++++++++++++++++++++++++++++++++++++++
+++++++++++++++++++++++++++++++++++++++++
+++++++++++++++++++++++++++++++++++++++++
finished simulations
+++++++++++++++++++++++++++++++++++++++++

total expectations
dupl=41.2517
gain=3382.15
loss=3305.04
halFDupl=0
baseNumber=0
toMaxChr=0.0229247

TOTAL RUNNING TIME = 6371
Inferring ancestral states

running 10000 simulations
Inferring ancestral states

running 10000 simulations
finished simulations
finished simulations

total expectations
dupl=57.7497
gain=661.735
loss=426.99
halFDupl=0
baseNumber=0
toMaxChr=0.00179019

TOTAL RUNNING TIME = 9219
+++++++++++++++++++++++++++++++++++++++++

total expectations
dupl=43.5652
gain=502.703
loss=301.312
halFDupl=24.9209
baseNumber=0
toMaxChr=0.00125207

TOTAL RUNNING TIME = 9383
+++++++++++++++++++++++++++++++++++++++++
+++++++++++++++++++++++++++++++++++++++++
Inferring ancestral states

running 10000 simulations
finished simulations

total expectations
dupl=52.3876
gain=572.09
loss=351.719
halFDupl=9.13306
baseNumber=0
toMaxChr=0.00123232

TOTAL RUNNING TIME = 13750
+++++++++++++++++++++++++++++++++++++++++
+++++++++++++++++++++++++++++++++++++++++
Inferring ancestral states

running 10000 simulations
finished simulations

total expectations
dupl=0.988794
gain=0
loss=1348.53
halFDupl=0.640106
baseNumber=19.6127
toMaxChr=0.921927

TOTAL RUNNING TIME = 17115
Inferring ancestral states

running 10000 simulations
finished simulations

total expectations
dupl=55.4299
gain=825.781
loss=589.094
halFDupl=0
baseNumber=1.49308
toMaxChr=0.0142272

TOTAL RUNNING TIME = 24392
